----------

Thu Aug 25 2022 14:03:59 GMT-0500 (Central Daylight Time)

To github.com:Chalieta/Chalieta.git
   eba549e..e9c7492  HEAD -> main


----------

Thu Sep 08 2022 01:17:01 GMT-0500 (Central Daylight Time)

Script /Users/chalietaaudreylia/Desktop/Portfolio/export.sh couldn't be run

----------

Thu Sep 08 2022 01:25:22 GMT-0500 (Central Daylight Time)

Script /Users/chalietaaudreylia/Desktop/Portfolio/export.sh couldn't be run

----------

Thu Sep 15 2022 23:54:14 GMT-0500 (Central Daylight Time)

Script /Users/chalietaaudreylia/Desktop/Portfolio/export.sh couldn't be run

----------

Fri Sep 16 2022 00:02:09 GMT-0500 (Central Daylight Time)

Script /Users/chalietaaudreylia/Desktop/Portfolio/export.sh couldn't be run

----------

Fri Sep 16 2022 00:06:04 GMT-0500 (Central Daylight Time)

Script /Users/chalietaaudreylia/Desktop/Portfolio/export.sh couldn't be run

----------

Fri Sep 16 2022 00:11:59 GMT-0500 (Central Daylight Time)

Script /Users/chalietaaudreylia/Desktop/Portfolio/export.sh couldn't be run

----------

Fri Sep 16 2022 00:46:04 GMT-0500 (Central Daylight Time)

Script /Users/chalietaaudreylia/Desktop/Portfolio/export.sh couldn't be run

----------

Fri Sep 16 2022 10:34:14 GMT-0500 (Central Daylight Time)

Script /Users/chalietaaudreylia/Desktop/Portfolio/export.sh couldn't be run

----------

Sun Jan 08 2023 15:24:44 GMT-0600 (Central Standard Time)

Script /Users/chalietaaudreylia/Desktop/Web Development/Chalieta/export.sh couldn't be run

----------

Mon Jan 09 2023 18:21:18 GMT-0600 (Central Standard Time)

Script /Users/chalietaaudreylia/Desktop/Web Development/Chalieta/export.sh couldn't be run

----------

Mon Jan 09 2023 18:34:00 GMT-0600 (Central Standard Time)

Script /Users/chalietaaudreylia/Desktop/Web Development/Chalieta/export.sh couldn't be run

